{"/src/src/app.js": {"path":"/src/src/app.js","statementMap":{"0":{"start":{"line":1,"column":16},"end":{"line":1,"column":34}},"1":{"start":{"line":2,"column":0},"end":{"line":2,"column":32}},"2":{"start":{"line":4,"column":31},"end":{"line":4,"column":67}},"3":{"start":{"line":5,"column":25},"end":{"line":5,"column":44}},"4":{"start":{"line":8,"column":12},"end":{"line":8,"column":21}},"5":{"start":{"line":10,"column":0},"end":{"line":10,"column":24}},"6":{"start":{"line":12,"column":0},"end":{"line":12,"column":40}},"7":{"start":{"line":14,"column":0},"end":{"line":14,"column":32}},"8":{"start":{"line":15,"column":0},"end":{"line":15,"column":21}}},"fnMap":{},"branchMap":{},"s":{"0":2,"1":2,"2":2,"3":2,"4":2,"5":2,"6":2,"7":2,"8":2},"f":{},"b":{},"_coverageSchema":"1a1c01bbd47fc00a2c39e90264f33305004495a9","hash":"2ce51e5da29c8305b6b5b7445d6e4611b7c67439"}
,"/src/src/controllers/Doctor.js": {"path":"/src/src/controllers/Doctor.js","statementMap":{"0":{"start":{"line":1,"column":12},"end":{"line":1,"column":26}},"1":{"start":{"line":3,"column":22},"end":{"line":3,"column":52}},"2":{"start":{"line":4,"column":21},"end":{"line":4,"column":48}},"3":{"start":{"line":5,"column":19},"end":{"line":5,"column":39}},"4":{"start":{"line":7,"column":18},"end":{"line":16,"column":1}},"5":{"start":{"line":8,"column":24},"end":{"line":12,"column":4}},"6":{"start":{"line":13,"column":2},"end":{"line":13,"column":38}},"7":{"start":{"line":14,"column":17},"end":{"line":14,"column":46}},"8":{"start":{"line":15,"column":2},"end":{"line":15,"column":52}},"9":{"start":{"line":18,"column":20},"end":{"line":21,"column":1}},"10":{"start":{"line":19,"column":18},"end":{"line":19,"column":62}},"11":{"start":{"line":20,"column":2},"end":{"line":20,"column":66}},"12":{"start":{"line":20,"column":47},"end":{"line":20,"column":63}},"13":{"start":{"line":23,"column":18},"end":{"line":29,"column":1}},"14":{"start":{"line":24,"column":17},"end":{"line":24,"column":84}},"15":{"start":{"line":25,"column":2},"end":{"line":27,"column":3}},"16":{"start":{"line":26,"column":4},"end":{"line":26,"column":48}},"17":{"start":{"line":28,"column":2},"end":{"line":28,"column":41}},"18":{"start":{"line":31,"column":21},"end":{"line":42,"column":1}},"19":{"start":{"line":32,"column":24},"end":{"line":36,"column":4}},"20":{"start":{"line":37,"column":2},"end":{"line":37,"column":38}},"21":{"start":{"line":38,"column":17},"end":{"line":40,"column":11}},"22":{"start":{"line":41,"column":2},"end":{"line":41,"column":41}},"23":{"start":{"line":44,"column":21},"end":{"line":47,"column":1}},"24":{"start":{"line":45,"column":2},"end":{"line":45,"column":91}},"25":{"start":{"line":46,"column":2},"end":{"line":46,"column":25}},"26":{"start":{"line":49,"column":0},"end":{"line":49,"column":83}}},"fnMap":{"0":{"name":"(anonymous_0)","decl":{"start":{"line":7,"column":18},"end":{"line":7,"column":19}},"loc":{"start":{"line":7,"column":38},"end":{"line":16,"column":1}},"line":7},"1":{"name":"(anonymous_1)","decl":{"start":{"line":18,"column":20},"end":{"line":18,"column":21}},"loc":{"start":{"line":18,"column":40},"end":{"line":21,"column":1}},"line":18},"2":{"name":"(anonymous_2)","decl":{"start":{"line":20,"column":35},"end":{"line":20,"column":36}},"loc":{"start":{"line":20,"column":47},"end":{"line":20,"column":63}},"line":20},"3":{"name":"(anonymous_3)","decl":{"start":{"line":23,"column":18},"end":{"line":23,"column":19}},"loc":{"start":{"line":23,"column":38},"end":{"line":29,"column":1}},"line":23},"4":{"name":"(anonymous_4)","decl":{"start":{"line":31,"column":21},"end":{"line":31,"column":22}},"loc":{"start":{"line":31,"column":41},"end":{"line":42,"column":1}},"line":31},"5":{"name":"(anonymous_5)","decl":{"start":{"line":44,"column":21},"end":{"line":44,"column":22}},"loc":{"start":{"line":44,"column":41},"end":{"line":47,"column":1}},"line":44}},"branchMap":{"0":{"loc":{"start":{"line":25,"column":2},"end":{"line":27,"column":3}},"type":"if","locations":[{"start":{"line":25,"column":2},"end":{"line":27,"column":3}},{"start":{},"end":{}}],"line":25}},"s":{"0":2,"1":2,"2":2,"3":2,"4":2,"5":3,"6":3,"7":2,"8":1,"9":2,"10":1,"11":1,"12":3,"13":2,"14":3,"15":2,"16":1,"17":1,"18":2,"19":1,"20":1,"21":1,"22":1,"23":2,"24":2,"25":2,"26":2},"f":{"0":3,"1":1,"2":3,"3":3,"4":1,"5":2},"b":{"0":[1,1]},"_coverageSchema":"1a1c01bbd47fc00a2c39e90264f33305004495a9","hash":"cd446b04f24a6a084900223a7d2da59a51838a43"}
,"/src/src/controllers/Patient.js": {"path":"/src/src/controllers/Patient.js","statementMap":{"0":{"start":{"line":1,"column":19},"end":{"line":1,"column":33}},"1":{"start":{"line":2,"column":21},"end":{"line":2,"column":35}},"2":{"start":{"line":3,"column":22},"end":{"line":3,"column":36}},"3":{"start":{"line":4,"column":22},"end":{"line":4,"column":36}},"4":{"start":{"line":5,"column":19},"end":{"line":5,"column":33}},"5":{"start":{"line":7,"column":0},"end":{"line":13,"column":2}}},"fnMap":{"0":{"name":"(anonymous_0)","decl":{"start":{"line":1,"column":19},"end":{"line":1,"column":20}},"loc":{"start":{"line":1,"column":31},"end":{"line":1,"column":33}},"line":1},"1":{"name":"(anonymous_1)","decl":{"start":{"line":2,"column":21},"end":{"line":2,"column":22}},"loc":{"start":{"line":2,"column":33},"end":{"line":2,"column":35}},"line":2},"2":{"name":"(anonymous_2)","decl":{"start":{"line":3,"column":22},"end":{"line":3,"column":23}},"loc":{"start":{"line":3,"column":34},"end":{"line":3,"column":36}},"line":3},"3":{"name":"(anonymous_3)","decl":{"start":{"line":4,"column":22},"end":{"line":4,"column":23}},"loc":{"start":{"line":4,"column":34},"end":{"line":4,"column":36}},"line":4},"4":{"name":"(anonymous_4)","decl":{"start":{"line":5,"column":19},"end":{"line":5,"column":20}},"loc":{"start":{"line":5,"column":31},"end":{"line":5,"column":33}},"line":5}},"branchMap":{},"s":{"0":2,"1":2,"2":2,"3":2,"4":2,"5":2},"f":{"0":0,"1":0,"2":0,"3":0,"4":0},"b":{},"_coverageSchema":"1a1c01bbd47fc00a2c39e90264f33305004495a9","hash":"f28818306677c1662add5176eeb40f4ef68f6da1"}
,"/src/src/errors/bad-request.js": {"path":"/src/src/errors/bad-request.js","statementMap":{"0":{"start":{"line":1,"column":24},"end":{"line":1,"column":52}},"1":{"start":{"line":3,"column":23},"end":{"line":3,"column":46}},"2":{"start":{"line":7,"column":4},"end":{"line":7,"column":19}},"3":{"start":{"line":8,"column":4},"end":{"line":8,"column":46}},"4":{"start":{"line":12,"column":0},"end":{"line":12,"column":33}}},"fnMap":{"0":{"name":"(anonymous_0)","decl":{"start":{"line":6,"column":2},"end":{"line":6,"column":3}},"loc":{"start":{"line":6,"column":23},"end":{"line":9,"column":3}},"line":6}},"branchMap":{},"s":{"0":1,"1":1,"2":1,"3":1,"4":1},"f":{"0":1},"b":{},"_coverageSchema":"1a1c01bbd47fc00a2c39e90264f33305004495a9","hash":"8ecf737e0deb6c1c504825414527df6d188f0c20"}
,"/src/src/errors/custom-api.js": {"path":"/src/src/errors/custom-api.js","statementMap":{"0":{"start":{"line":3,"column":4},"end":{"line":3,"column":19}},"1":{"start":{"line":7,"column":0},"end":{"line":7,"column":32}}},"fnMap":{"0":{"name":"(anonymous_0)","decl":{"start":{"line":2,"column":2},"end":{"line":2,"column":3}},"loc":{"start":{"line":2,"column":23},"end":{"line":4,"column":3}},"line":2}},"branchMap":{},"s":{"0":3,"1":4},"f":{"0":3},"b":{},"_coverageSchema":"1a1c01bbd47fc00a2c39e90264f33305004495a9","hash":"e54ba9d6d0afa9595425572691c5ae0c972226e0"}
,"/src/src/errors/not-found.js": {"path":"/src/src/errors/not-found.js","statementMap":{"0":{"start":{"line":1,"column":24},"end":{"line":1,"column":52}},"1":{"start":{"line":3,"column":23},"end":{"line":3,"column":46}},"2":{"start":{"line":7,"column":4},"end":{"line":7,"column":19}},"3":{"start":{"line":8,"column":4},"end":{"line":8,"column":44}},"4":{"start":{"line":12,"column":0},"end":{"line":12,"column":31}}},"fnMap":{"0":{"name":"(anonymous_0)","decl":{"start":{"line":6,"column":2},"end":{"line":6,"column":3}},"loc":{"start":{"line":6,"column":23},"end":{"line":9,"column":3}},"line":6}},"branchMap":{},"s":{"0":2,"1":2,"2":1,"3":1,"4":2},"f":{"0":1},"b":{},"_coverageSchema":"1a1c01bbd47fc00a2c39e90264f33305004495a9","hash":"263697247a34d4d4fb575fe4ec594f4296f48689"}
,"/src/src/errors/unauthenticated.js": {"path":"/src/src/errors/unauthenticated.js","statementMap":{"0":{"start":{"line":1,"column":24},"end":{"line":1,"column":52}},"1":{"start":{"line":3,"column":23},"end":{"line":3,"column":46}},"2":{"start":{"line":7,"column":4},"end":{"line":7,"column":19}},"3":{"start":{"line":8,"column":4},"end":{"line":8,"column":47}},"4":{"start":{"line":12,"column":0},"end":{"line":12,"column":38}}},"fnMap":{"0":{"name":"(anonymous_0)","decl":{"start":{"line":6,"column":2},"end":{"line":6,"column":3}},"loc":{"start":{"line":6,"column":23},"end":{"line":9,"column":3}},"line":6}},"branchMap":{},"s":{"0":1,"1":1,"2":1,"3":1,"4":1},"f":{"0":1},"b":{},"_coverageSchema":"1a1c01bbd47fc00a2c39e90264f33305004495a9","hash":"39a194cf2343f568f8578b1872728102a09fbba9"}
,"/src/src/factories/Doctor.js": {"path":"/src/src/factories/Doctor.js","statementMap":{"0":{"start":{"line":1,"column":27},"end":{"line":1,"column":53}},"1":{"start":{"line":3,"column":15},"end":{"line":3,"column":42}},"2":{"start":{"line":5,"column":19},"end":{"line":12,"column":1}},"3":{"start":{"line":6,"column":17},"end":{"line":10,"column":4}},"4":{"start":{"line":11,"column":2},"end":{"line":11,"column":16}},"5":{"start":{"line":14,"column":0},"end":{"line":14,"column":32}}},"fnMap":{"0":{"name":"(anonymous_0)","decl":{"start":{"line":5,"column":19},"end":{"line":5,"column":20}},"loc":{"start":{"line":5,"column":70},"end":{"line":12,"column":1}},"line":5}},"branchMap":{"0":{"loc":{"start":{"line":5,"column":26},"end":{"line":5,"column":37}},"type":"default-arg","locations":[{"start":{"line":5,"column":33},"end":{"line":5,"column":37}}],"line":5},"1":{"loc":{"start":{"line":5,"column":39},"end":{"line":5,"column":51}},"type":"default-arg","locations":[{"start":{"line":5,"column":47},"end":{"line":5,"column":51}}],"line":5},"2":{"loc":{"start":{"line":5,"column":53},"end":{"line":5,"column":65}},"type":"default-arg","locations":[{"start":{"line":5,"column":61},"end":{"line":5,"column":65}}],"line":5},"3":{"loc":{"start":{"line":7,"column":10},"end":{"line":7,"column":40}},"type":"binary-expr","locations":[{"start":{"line":7,"column":10},"end":{"line":7,"column":14}},{"start":{"line":7,"column":18},"end":{"line":7,"column":40}}],"line":7},"4":{"loc":{"start":{"line":8,"column":11},"end":{"line":8,"column":45}},"type":"binary-expr","locations":[{"start":{"line":8,"column":11},"end":{"line":8,"column":16}},{"start":{"line":8,"column":20},"end":{"line":8,"column":45}}],"line":8},"5":{"loc":{"start":{"line":9,"column":11},"end":{"line":9,"column":42}},"type":"binary-expr","locations":[{"start":{"line":9,"column":11},"end":{"line":9,"column":16}},{"start":{"line":9,"column":20},"end":{"line":9,"column":42}}],"line":9}},"s":{"0":2,"1":2,"2":2,"3":7,"4":7,"5":2},"f":{"0":7},"b":{"0":[7],"1":[7],"2":[7],"3":[7,7],"4":[7,7],"5":[7,7]},"_coverageSchema":"1a1c01bbd47fc00a2c39e90264f33305004495a9","hash":"d4f5a4eb70db56a01d7cb4cc01f08f1b74b5d402"}
,"/src/src/factories/Patient.js": {"path":"/src/src/factories/Patient.js","statementMap":{"0":{"start":{"line":1,"column":27},"end":{"line":1,"column":53}},"1":{"start":{"line":3,"column":16},"end":{"line":3,"column":44}},"2":{"start":{"line":5,"column":20},"end":{"line":14,"column":1}},"3":{"start":{"line":6,"column":18},"end":{"line":12,"column":4}},"4":{"start":{"line":13,"column":2},"end":{"line":13,"column":17}},"5":{"start":{"line":16,"column":0},"end":{"line":16,"column":33}}},"fnMap":{"0":{"name":"(anonymous_0)","decl":{"start":{"line":5,"column":20},"end":{"line":5,"column":21}},"loc":{"start":{"line":5,"column":92},"end":{"line":14,"column":1}},"line":5}},"branchMap":{"0":{"loc":{"start":{"line":5,"column":21},"end":{"line":5,"column":32}},"type":"default-arg","locations":[{"start":{"line":5,"column":28},"end":{"line":5,"column":32}}],"line":5},"1":{"loc":{"start":{"line":5,"column":34},"end":{"line":5,"column":46}},"type":"default-arg","locations":[{"start":{"line":5,"column":42},"end":{"line":5,"column":46}}],"line":5},"2":{"loc":{"start":{"line":5,"column":48},"end":{"line":5,"column":60}},"type":"default-arg","locations":[{"start":{"line":5,"column":56},"end":{"line":5,"column":60}}],"line":5},"3":{"loc":{"start":{"line":5,"column":62},"end":{"line":5,"column":72}},"type":"default-arg","locations":[{"start":{"line":5,"column":68},"end":{"line":5,"column":72}}],"line":5},"4":{"loc":{"start":{"line":5,"column":74},"end":{"line":5,"column":87}},"type":"default-arg","locations":[{"start":{"line":5,"column":83},"end":{"line":5,"column":87}}],"line":5},"5":{"loc":{"start":{"line":7,"column":10},"end":{"line":7,"column":40}},"type":"binary-expr","locations":[{"start":{"line":7,"column":10},"end":{"line":7,"column":14}},{"start":{"line":7,"column":18},"end":{"line":7,"column":40}}],"line":7},"6":{"loc":{"start":{"line":8,"column":11},"end":{"line":8,"column":45}},"type":"binary-expr","locations":[{"start":{"line":8,"column":11},"end":{"line":8,"column":16}},{"start":{"line":8,"column":20},"end":{"line":8,"column":45}}],"line":8},"7":{"loc":{"start":{"line":9,"column":11},"end":{"line":9,"column":42}},"type":"binary-expr","locations":[{"start":{"line":9,"column":11},"end":{"line":9,"column":16}},{"start":{"line":9,"column":20},"end":{"line":9,"column":42}}],"line":9},"8":{"loc":{"start":{"line":10,"column":9},"end":{"line":10,"column":59}},"type":"binary-expr","locations":[{"start":{"line":10,"column":9},"end":{"line":10,"column":12}},{"start":{"line":10,"column":16},"end":{"line":10,"column":59}}],"line":10},"9":{"loc":{"start":{"line":11,"column":12},"end":{"line":11,"column":59}},"type":"binary-expr","locations":[{"start":{"line":11,"column":12},"end":{"line":11,"column":18}},{"start":{"line":11,"column":22},"end":{"line":11,"column":59}}],"line":11}},"s":{"0":2,"1":2,"2":2,"3":7,"4":7,"5":2},"f":{"0":7},"b":{"0":[7],"1":[7],"2":[7],"3":[7],"4":[7],"5":[7,7],"6":[7,7],"7":[7,7],"8":[7,7],"9":[7,7]},"_coverageSchema":"1a1c01bbd47fc00a2c39e90264f33305004495a9","hash":"1c0c9867e87f8a834dd08011fd41e2558dd3ac14"}
,"/src/src/factories/index.js": {"path":"/src/src/factories/index.js","statementMap":{"0":{"start":{"line":1,"column":22},"end":{"line":1,"column":41}},"1":{"start":{"line":2,"column":23},"end":{"line":2,"column":43}},"2":{"start":{"line":4,"column":0},"end":{"line":7,"column":2}}},"fnMap":{},"branchMap":{},"s":{"0":2,"1":2,"2":2},"f":{},"b":{},"_coverageSchema":"1a1c01bbd47fc00a2c39e90264f33305004495a9","hash":"b07666e7b51f86821339a28f181d75c9d73c1be8"}
,"/src/src/helpers/dbConnect.js": {"path":"/src/src/helpers/dbConnect.js","statementMap":{"0":{"start":{"line":1,"column":17},"end":{"line":1,"column":36}},"1":{"start":{"line":3,"column":18},"end":{"line":8,"column":1}},"2":{"start":{"line":4,"column":2},"end":{"line":7,"column":5}},"3":{"start":{"line":10,"column":0},"end":{"line":10,"column":27}}},"fnMap":{"0":{"name":"(anonymous_0)","decl":{"start":{"line":3,"column":18},"end":{"line":3,"column":19}},"loc":{"start":{"line":3,"column":33},"end":{"line":8,"column":1}},"line":3}},"branchMap":{},"s":{"0":2,"1":2,"2":2,"3":2},"f":{"0":2},"b":{},"_coverageSchema":"1a1c01bbd47fc00a2c39e90264f33305004495a9","hash":"c584924500e16604a86be5000b966f37a934a74e"}
,"/src/src/helpers/utils.js": {"path":"/src/src/helpers/utils.js","statementMap":{"0":{"start":{"line":1,"column":17},"end":{"line":7,"column":1}},"1":{"start":{"line":2,"column":2},"end":{"line":2,"column":19}},"2":{"start":{"line":3,"column":2},"end":{"line":3,"column":17}},"3":{"start":{"line":4,"column":2},"end":{"line":4,"column":17}},"4":{"start":{"line":5,"column":2},"end":{"line":5,"column":41}},"5":{"start":{"line":6,"column":2},"end":{"line":6,"column":13}},"6":{"start":{"line":9,"column":0},"end":{"line":9,"column":30}}},"fnMap":{"0":{"name":"(anonymous_0)","decl":{"start":{"line":1,"column":17},"end":{"line":1,"column":18}},"loc":{"start":{"line":1,"column":26},"end":{"line":7,"column":1}},"line":1}},"branchMap":{"0":{"loc":{"start":{"line":5,"column":2},"end":{"line":5,"column":40}},"type":"binary-expr","locations":[{"start":{"line":5,"column":2},"end":{"line":5,"column":18}},{"start":{"line":5,"column":22},"end":{"line":5,"column":40}}],"line":5}},"s":{"0":2,"1":6,"2":6,"3":6,"4":6,"5":6,"6":2},"f":{"0":6},"b":{"0":[6,6]},"_coverageSchema":"1a1c01bbd47fc00a2c39e90264f33305004495a9","hash":"7acfc0c1f0c8e53ea77b8ceb06fe818a2ceb2de1"}
,"/src/src/middleware/errorHandler.js": {"path":"/src/src/middleware/errorHandler.js","statementMap":{"0":{"start":{"line":1,"column":24},"end":{"line":1,"column":52}},"1":{"start":{"line":3,"column":23},"end":{"line":3,"column":54}},"2":{"start":{"line":5,"column":31},"end":{"line":34,"column":1}},"3":{"start":{"line":6,"column":20},"end":{"line":9,"column":3}},"4":{"start":{"line":11,"column":2},"end":{"line":13,"column":3}},"5":{"start":{"line":12,"column":4},"end":{"line":12,"column":65}},"6":{"start":{"line":15,"column":2},"end":{"line":23,"column":3}},"7":{"start":{"line":16,"column":4},"end":{"line":16,"column":45}},"8":{"start":{"line":17,"column":4},"end":{"line":17,"column":53}},"9":{"start":{"line":18,"column":9},"end":{"line":23,"column":3}},"10":{"start":{"line":19,"column":4},"end":{"line":21,"column":17}},"11":{"start":{"line":20,"column":21},"end":{"line":20,"column":33}},"12":{"start":{"line":22,"column":4},"end":{"line":22,"column":33}},"13":{"start":{"line":24,"column":2},"end":{"line":27,"column":3}},"14":{"start":{"line":25,"column":4},"end":{"line":25,"column":116}},"15":{"start":{"line":26,"column":4},"end":{"line":26,"column":33}},"16":{"start":{"line":28,"column":2},"end":{"line":31,"column":3}},"17":{"start":{"line":29,"column":4},"end":{"line":29,"column":61}},"18":{"start":{"line":30,"column":4},"end":{"line":30,"column":33}},"19":{"start":{"line":33,"column":2},"end":{"line":33,"column":75}},"20":{"start":{"line":36,"column":0},"end":{"line":36,"column":40}}},"fnMap":{"0":{"name":"(anonymous_0)","decl":{"start":{"line":5,"column":31},"end":{"line":5,"column":32}},"loc":{"start":{"line":5,"column":56},"end":{"line":34,"column":1}},"line":5},"1":{"name":"(anonymous_1)","decl":{"start":{"line":20,"column":11},"end":{"line":20,"column":12}},"loc":{"start":{"line":20,"column":21},"end":{"line":20,"column":33}},"line":20}},"branchMap":{"0":{"loc":{"start":{"line":7,"column":16},"end":{"line":7,"column":67}},"type":"binary-expr","locations":[{"start":{"line":7,"column":16},"end":{"line":7,"column":30}},{"start":{"line":7,"column":34},"end":{"line":7,"column":67}}],"line":7},"1":{"loc":{"start":{"line":8,"column":9},"end":{"line":8,"column":62}},"type":"binary-expr","locations":[{"start":{"line":8,"column":9},"end":{"line":8,"column":20}},{"start":{"line":8,"column":24},"end":{"line":8,"column":62}}],"line":8},"2":{"loc":{"start":{"line":11,"column":2},"end":{"line":13,"column":3}},"type":"if","locations":[{"start":{"line":11,"column":2},"end":{"line":13,"column":3}},{"start":{},"end":{}}],"line":11},"3":{"loc":{"start":{"line":15,"column":2},"end":{"line":23,"column":3}},"type":"if","locations":[{"start":{"line":15,"column":2},"end":{"line":23,"column":3}},{"start":{"line":18,"column":9},"end":{"line":23,"column":3}}],"line":15},"4":{"loc":{"start":{"line":18,"column":9},"end":{"line":23,"column":3}},"type":"if","locations":[{"start":{"line":18,"column":9},"end":{"line":23,"column":3}},{"start":{},"end":{}}],"line":18},"5":{"loc":{"start":{"line":24,"column":2},"end":{"line":27,"column":3}},"type":"if","locations":[{"start":{"line":24,"column":2},"end":{"line":27,"column":3}},{"start":{},"end":{}}],"line":24},"6":{"loc":{"start":{"line":24,"column":6},"end":{"line":24,"column":36}},"type":"binary-expr","locations":[{"start":{"line":24,"column":6},"end":{"line":24,"column":14}},{"start":{"line":24,"column":18},"end":{"line":24,"column":36}}],"line":24},"7":{"loc":{"start":{"line":28,"column":2},"end":{"line":31,"column":3}},"type":"if","locations":[{"start":{"line":28,"column":2},"end":{"line":31,"column":3}},{"start":{},"end":{}}],"line":28}},"s":{"0":2,"1":2,"2":2,"3":4,"4":4,"5":1,"6":3,"7":1,"8":1,"9":2,"10":1,"11":1,"12":1,"13":3,"14":0,"15":0,"16":3,"17":1,"18":1,"19":3,"20":2},"f":{"0":4,"1":1},"b":{"0":[4,3],"1":[4,0],"2":[1,3],"3":[1,2],"4":[1,1],"5":[0,3],"6":[3,0],"7":[1,2]},"_coverageSchema":"1a1c01bbd47fc00a2c39e90264f33305004495a9","hash":"f11607da3e3c515a355fd118f4215c4292e862c5"}
,"/src/src/models/Doctor.js": {"path":"/src/src/models/Doctor.js","statementMap":{"0":{"start":{"line":1,"column":17},"end":{"line":1,"column":36}},"1":{"start":{"line":3,"column":21},"end":{"line":21,"column":2}},"2":{"start":{"line":23,"column":0},"end":{"line":23,"column":56}}},"fnMap":{},"branchMap":{},"s":{"0":2,"1":2,"2":2},"f":{},"b":{},"_coverageSchema":"1a1c01bbd47fc00a2c39e90264f33305004495a9","hash":"315cca6028609df3b1cf014dd40f2245f184fe9b"}
,"/src/src/models/Patient.js": {"path":"/src/src/models/Patient.js","statementMap":{"0":{"start":{"line":1,"column":17},"end":{"line":1,"column":36}},"1":{"start":{"line":3,"column":22},"end":{"line":28,"column":2}},"2":{"start":{"line":30,"column":0},"end":{"line":30,"column":58}}},"fnMap":{},"branchMap":{},"s":{"0":2,"1":2,"2":2},"f":{},"b":{},"_coverageSchema":"1a1c01bbd47fc00a2c39e90264f33305004495a9","hash":"799faa88ac6e2d0410650506cd7922275db21319"}
,"/src/src/models/USGReport.js": {"path":"/src/src/models/USGReport.js","statementMap":{"0":{"start":{"line":1,"column":17},"end":{"line":1,"column":36}},"1":{"start":{"line":3,"column":24},"end":{"line":35,"column":2}},"2":{"start":{"line":37,"column":0},"end":{"line":37,"column":62}}},"fnMap":{},"branchMap":{},"s":{"0":2,"1":2,"2":2},"f":{},"b":{},"_coverageSchema":"1a1c01bbd47fc00a2c39e90264f33305004495a9","hash":"ac4d8ece8a4c906212eca21428ecae1fcdbe06ec"}
,"/src/src/models/index.js": {"path":"/src/src/models/index.js","statementMap":{"0":{"start":{"line":1,"column":15},"end":{"line":1,"column":34}},"1":{"start":{"line":2,"column":16},"end":{"line":2,"column":36}},"2":{"start":{"line":3,"column":18},"end":{"line":3,"column":40}},"3":{"start":{"line":5,"column":0},"end":{"line":9,"column":2}}},"fnMap":{},"branchMap":{},"s":{"0":2,"1":2,"2":2,"3":2},"f":{},"b":{},"_coverageSchema":"1a1c01bbd47fc00a2c39e90264f33305004495a9","hash":"6db5238765a8bc76d1d76b3d56e00ca3c724497c"}
,"/src/src/routes/Doctor.js": {"path":"/src/src/routes/Doctor.js","statementMap":{"0":{"start":{"line":1,"column":16},"end":{"line":1,"column":34}},"1":{"start":{"line":3,"column":74},"end":{"line":3,"column":106}},"2":{"start":{"line":5,"column":15},"end":{"line":5,"column":31}},"3":{"start":{"line":6,"column":0},"end":{"line":6,"column":27}},"4":{"start":{"line":7,"column":0},"end":{"line":7,"column":28}},"5":{"start":{"line":8,"column":0},"end":{"line":8,"column":30}},"6":{"start":{"line":9,"column":0},"end":{"line":9,"column":33}},"7":{"start":{"line":10,"column":0},"end":{"line":10,"column":36}},"8":{"start":{"line":12,"column":0},"end":{"line":12,"column":24}}},"fnMap":{},"branchMap":{},"s":{"0":2,"1":2,"2":2,"3":2,"4":2,"5":2,"6":2,"7":2,"8":2},"f":{},"b":{},"_coverageSchema":"1a1c01bbd47fc00a2c39e90264f33305004495a9","hash":"5f0cd1bd0d8b3ef860e0fb2291d7f44c57456f4b"}
,"/src/src/routes/Patient.js": {"path":"/src/src/routes/Patient.js","statementMap":{"0":{"start":{"line":1,"column":16},"end":{"line":1,"column":34}},"1":{"start":{"line":3,"column":79},"end":{"line":3,"column":112}},"2":{"start":{"line":5,"column":15},"end":{"line":5,"column":31}},"3":{"start":{"line":6,"column":0},"end":{"line":6,"column":28}},"4":{"start":{"line":7,"column":0},"end":{"line":7,"column":29}},"5":{"start":{"line":8,"column":0},"end":{"line":8,"column":31}},"6":{"start":{"line":9,"column":0},"end":{"line":9,"column":34}},"7":{"start":{"line":10,"column":0},"end":{"line":10,"column":37}},"8":{"start":{"line":12,"column":0},"end":{"line":12,"column":24}}},"fnMap":{},"branchMap":{},"s":{"0":2,"1":2,"2":2,"3":2,"4":2,"5":2,"6":2,"7":2,"8":2},"f":{},"b":{},"_coverageSchema":"1a1c01bbd47fc00a2c39e90264f33305004495a9","hash":"5446b6eb01298fe8a5f7283e66ee57c758128251"}
,"/src/src/routes/index.js": {"path":"/src/src/routes/index.js","statementMap":{"0":{"start":{"line":1,"column":21},"end":{"line":1,"column":40}},"1":{"start":{"line":2,"column":22},"end":{"line":2,"column":42}},"2":{"start":{"line":4,"column":0},"end":{"line":7,"column":2}}},"fnMap":{},"branchMap":{},"s":{"0":2,"1":2,"2":2},"f":{},"b":{},"_coverageSchema":"1a1c01bbd47fc00a2c39e90264f33305004495a9","hash":"50d84bbb7186f1761fcd591fdac46151d5807b1e"}
,"/src/src/tests/helpers.js": {"path":"/src/src/tests/helpers.js","statementMap":{"0":{"start":{"line":1,"column":17},"end":{"line":1,"column":36}},"1":{"start":{"line":3,"column":18},"end":{"line":3,"column":49}},"2":{"start":{"line":4,"column":15},"end":{"line":4,"column":35}},"3":{"start":{"line":6,"column":22},"end":{"line":8,"column":1}},"4":{"start":{"line":7,"column":2},"end":{"line":7,"column":46}},"5":{"start":{"line":10,"column":25},"end":{"line":12,"column":1}},"6":{"start":{"line":11,"column":2},"end":{"line":11,"column":36}},"7":{"start":{"line":14,"column":16},"end":{"line":16,"column":1}},"8":{"start":{"line":15,"column":2},"end":{"line":15,"column":86}},"9":{"start":{"line":15,"column":55},"end":{"line":15,"column":83}},"10":{"start":{"line":18,"column":0},"end":{"line":18,"column":62}}},"fnMap":{"0":{"name":"(anonymous_0)","decl":{"start":{"line":6,"column":22},"end":{"line":6,"column":23}},"loc":{"start":{"line":6,"column":34},"end":{"line":8,"column":1}},"line":6},"1":{"name":"(anonymous_1)","decl":{"start":{"line":10,"column":25},"end":{"line":10,"column":26}},"loc":{"start":{"line":10,"column":37},"end":{"line":12,"column":1}},"line":10},"2":{"name":"(anonymous_2)","decl":{"start":{"line":14,"column":16},"end":{"line":14,"column":17}},"loc":{"start":{"line":14,"column":28},"end":{"line":16,"column":1}},"line":14},"3":{"name":"(anonymous_3)","decl":{"start":{"line":15,"column":44},"end":{"line":15,"column":45}},"loc":{"start":{"line":15,"column":55},"end":{"line":15,"column":83}},"line":15}},"branchMap":{},"s":{"0":2,"1":2,"2":2,"3":2,"4":2,"5":2,"6":2,"7":2,"8":15,"9":45,"10":2},"f":{"0":2,"1":2,"2":15,"3":45},"b":{},"_coverageSchema":"1a1c01bbd47fc00a2c39e90264f33305004495a9","hash":"42f2264c3ae0791feded90429185c738a1162435"}
}
