TN:
SF:src/app.js
FNF:0
FNH:0
DA:1,2
DA:2,2
DA:4,2
DA:5,2
DA:8,2
DA:10,2
DA:12,2
DA:14,2
DA:15,2
LF:9
LH:9
BRF:0
BRH:0
end_of_record
TN:
SF:src/controllers/Doctor.js
FN:7,(anonymous_0)
FN:18,(anonymous_1)
FN:20,(anonymous_2)
FN:23,(anonymous_3)
FN:31,(anonymous_4)
FN:44,(anonymous_5)
FNF:6
FNH:6
FNDA:3,(anonymous_0)
FNDA:1,(anonymous_1)
FNDA:3,(anonymous_2)
FNDA:3,(anonymous_3)
FNDA:1,(anonymous_4)
FNDA:2,(anonymous_5)
DA:1,2
DA:3,2
DA:4,2
DA:5,2
DA:7,2
DA:8,3
DA:13,3
DA:14,2
DA:15,1
DA:18,2
DA:19,1
DA:20,3
DA:23,2
DA:24,3
DA:25,2
DA:26,1
DA:28,1
DA:31,2
DA:32,1
DA:37,1
DA:38,1
DA:41,1
DA:44,2
DA:45,2
DA:46,2
DA:49,2
LF:26
LH:26
BRDA:25,0,0,1
BRDA:25,0,1,1
BRF:2
BRH:2
end_of_record
TN:
SF:src/controllers/Patient.js
FN:1,(anonymous_0)
FN:2,(anonymous_1)
FN:3,(anonymous_2)
FN:4,(anonymous_3)
FN:5,(anonymous_4)
FNF:5
FNH:0
FNDA:0,(anonymous_0)
FNDA:0,(anonymous_1)
FNDA:0,(anonymous_2)
FNDA:0,(anonymous_3)
FNDA:0,(anonymous_4)
DA:1,2
DA:2,2
DA:3,2
DA:4,2
DA:5,2
DA:7,2
LF:6
LH:6
BRF:0
BRH:0
end_of_record
TN:
SF:src/errors/bad-request.js
FN:6,(anonymous_0)
FNF:1
FNH:1
FNDA:1,(anonymous_0)
DA:1,1
DA:3,1
DA:7,1
DA:8,1
DA:12,1
LF:5
LH:5
BRF:0
BRH:0
end_of_record
TN:
SF:src/errors/custom-api.js
FN:2,(anonymous_0)
FNF:1
FNH:1
FNDA:3,(anonymous_0)
DA:3,3
DA:7,4
LF:2
LH:2
BRF:0
BRH:0
end_of_record
TN:
SF:src/errors/not-found.js
FN:6,(anonymous_0)
FNF:1
FNH:1
FNDA:1,(anonymous_0)
DA:1,2
DA:3,2
DA:7,1
DA:8,1
DA:12,2
LF:5
LH:5
BRF:0
BRH:0
end_of_record
TN:
SF:src/errors/unauthenticated.js
FN:6,(anonymous_0)
FNF:1
FNH:1
FNDA:1,(anonymous_0)
DA:1,1
DA:3,1
DA:7,1
DA:8,1
DA:12,1
LF:5
LH:5
BRF:0
BRH:0
end_of_record
TN:
SF:src/factories/Doctor.js
FN:5,(anonymous_0)
FNF:1
FNH:1
FNDA:7,(anonymous_0)
DA:1,2
DA:3,2
DA:5,2
DA:6,7
DA:11,7
DA:14,2
LF:6
LH:6
BRDA:5,0,0,7
BRDA:5,1,0,7
BRDA:5,2,0,7
BRDA:7,3,0,7
BRDA:7,3,1,7
BRDA:8,4,0,7
BRDA:8,4,1,7
BRDA:9,5,0,7
BRDA:9,5,1,7
BRF:9
BRH:9
end_of_record
TN:
SF:src/factories/Patient.js
FN:5,(anonymous_0)
FNF:1
FNH:1
FNDA:7,(anonymous_0)
DA:1,2
DA:3,2
DA:5,2
DA:6,7
DA:13,7
DA:16,2
LF:6
LH:6
BRDA:5,0,0,7
BRDA:5,1,0,7
BRDA:5,2,0,7
BRDA:5,3,0,7
BRDA:5,4,0,7
BRDA:7,5,0,7
BRDA:7,5,1,7
BRDA:8,6,0,7
BRDA:8,6,1,7
BRDA:9,7,0,7
BRDA:9,7,1,7
BRDA:10,8,0,7
BRDA:10,8,1,7
BRDA:11,9,0,7
BRDA:11,9,1,7
BRF:15
BRH:15
end_of_record
TN:
SF:src/factories/index.js
FNF:0
FNH:0
DA:1,2
DA:2,2
DA:4,2
LF:3
LH:3
BRF:0
BRH:0
end_of_record
TN:
SF:src/helpers/dbConnect.js
FN:3,(anonymous_0)
FNF:1
FNH:1
FNDA:2,(anonymous_0)
DA:1,2
DA:3,2
DA:4,2
DA:10,2
LF:4
LH:4
BRF:0
BRH:0
end_of_record
TN:
SF:src/helpers/utils.js
FN:1,(anonymous_0)
FNF:1
FNH:1
FNDA:6,(anonymous_0)
DA:1,2
DA:2,6
DA:3,6
DA:4,6
DA:5,6
DA:6,6
DA:9,2
LF:7
LH:7
BRDA:5,0,0,6
BRDA:5,0,1,6
BRF:2
BRH:2
end_of_record
TN:
SF:src/middleware/errorHandler.js
FN:5,(anonymous_0)
FN:20,(anonymous_1)
FNF:2
FNH:2
FNDA:4,(anonymous_0)
FNDA:1,(anonymous_1)
DA:1,2
DA:3,2
DA:5,2
DA:6,4
DA:11,4
DA:12,1
DA:15,3
DA:16,1
DA:17,1
DA:18,2
DA:19,1
DA:20,1
DA:22,1
DA:24,3
DA:25,0
DA:26,0
DA:28,3
DA:29,1
DA:30,1
DA:33,3
DA:36,2
LF:21
LH:19
BRDA:7,0,0,4
BRDA:7,0,1,3
BRDA:8,1,0,4
BRDA:8,1,1,0
BRDA:11,2,0,1
BRDA:11,2,1,3
BRDA:15,3,0,1
BRDA:15,3,1,2
BRDA:18,4,0,1
BRDA:18,4,1,1
BRDA:24,5,0,0
BRDA:24,5,1,3
BRDA:24,6,0,3
BRDA:24,6,1,0
BRDA:28,7,0,1
BRDA:28,7,1,2
BRF:16
BRH:13
end_of_record
TN:
SF:src/models/Doctor.js
FNF:0
FNH:0
DA:1,2
DA:3,2
DA:23,2
LF:3
LH:3
BRF:0
BRH:0
end_of_record
TN:
SF:src/models/Patient.js
FNF:0
FNH:0
DA:1,2
DA:3,2
DA:30,2
LF:3
LH:3
BRF:0
BRH:0
end_of_record
TN:
SF:src/models/USGReport.js
FNF:0
FNH:0
DA:1,2
DA:3,2
DA:37,2
LF:3
LH:3
BRF:0
BRH:0
end_of_record
TN:
SF:src/models/index.js
FNF:0
FNH:0
DA:1,2
DA:2,2
DA:3,2
DA:5,2
LF:4
LH:4
BRF:0
BRH:0
end_of_record
TN:
SF:src/routes/Doctor.js
FNF:0
FNH:0
DA:1,2
DA:3,2
DA:5,2
DA:6,2
DA:7,2
DA:8,2
DA:9,2
DA:10,2
DA:12,2
LF:9
LH:9
BRF:0
BRH:0
end_of_record
TN:
SF:src/routes/Patient.js
FNF:0
FNH:0
DA:1,2
DA:3,2
DA:5,2
DA:6,2
DA:7,2
DA:8,2
DA:9,2
DA:10,2
DA:12,2
LF:9
LH:9
BRF:0
BRH:0
end_of_record
TN:
SF:src/routes/index.js
FNF:0
FNH:0
DA:1,2
DA:2,2
DA:4,2
LF:3
LH:3
BRF:0
BRH:0
end_of_record
TN:
SF:src/tests/helpers.js
FN:6,(anonymous_0)
FN:10,(anonymous_1)
FN:14,(anonymous_2)
FN:15,(anonymous_3)
FNF:4
FNH:4
FNDA:2,(anonymous_0)
FNDA:2,(anonymous_1)
FNDA:15,(anonymous_2)
FNDA:45,(anonymous_3)
DA:1,2
DA:3,2
DA:4,2
DA:6,2
DA:7,2
DA:10,2
DA:11,2
DA:14,2
DA:15,45
DA:18,2
LF:10
LH:10
BRF:0
BRH:0
end_of_record
